<?xml version="1.0" encoding="UTF-8"?>
<!-- Generated by org.testng.reporters.JUnitXMLReporter -->
<testsuite hostname="Dell123" ignored="0" name="POM1" tests="1" failures="1" timestamp="2023-04-29T15:55:24 IST" time="18.444" errors="0">
  <testcase name="guruLogin" time="4.79" classname="com.intBanking.testCases.GuruTest">
    <failure type="java.lang.NoSuchMethodError" message="org.openqa.selenium.support.PageFactory.initElements(Lorg/openqa/selenium/SearchContext;Ljava/lang/Object;)V">
      <![CDATA[java.lang.NoSuchMethodError: org.openqa.selenium.support.PageFactory.initElements(Lorg/openqa/selenium/SearchContext;Ljava/lang/Object;)V
at com.intBanking.pageObjects.guruLogin.<init>(guruLogin.java:14)
at com.intBanking.testCases.GuruTest.guruLogin(GuruTest.java:13)
at java.util.ArrayList.forEach(ArrayList.java:1257)
... Removed 27 stack frames]]>
    </failure>
  </testcase> <!-- guruLogin -->
</testsuite> <!-- POM1 -->
