<?xml version="1.0" encoding="UTF-8"?>
<testng-results skipped="0" failed="0" total="1" passed="1">
  <reporter-output>
  </reporter-output>
  <suite name="Default suite" duration-ms="21505" started-at="2022-05-21T15:27:34Z" finished-at="2022-05-21T15:27:56Z">
    <groups>
    </groups>
    <test name="Default test" duration-ms="21505" started-at="2022-05-21T15:27:34Z" finished-at="2022-05-21T15:27:56Z">
      <class name="demo.OrangeHRM1">
        <test-method status="PASS" signature="HRM()[pri:0, instance:demo.OrangeHRM1@6646153]" name="HRM" duration-ms="21489" started-at="2022-05-21T20:57:35Z" finished-at="2022-05-21T20:57:56Z">
          <reporter-output>
          </reporter-output>
        </test-method> <!-- HRM -->
      </class> <!-- demo.OrangeHRM1 -->
    </test> <!-- Default test -->
  </suite> <!-- Default suite -->
</testng-results>
