<?xml version="1.0" encoding="UTF-8"?>
<!-- Generated by org.testng.reporters.JUnitXMLReporter -->
<testsuite hostname="Dell123" ignored="0" name="BankingApp Test1" tests="9" failures="0" timestamp="2023-05-12T12:01:42 IST" time="461.401" errors="0">
  <testcase name="loginTest" time="18.327" classname="com.intBanking.testCases.TC_LoginTest_001"/>
  <testcase name="addCustomer" time="63.317" classname="com.intBanking.testCases.TC_AddCustTest"/>
  <testcase name="editCustId" time="23.524" classname="com.intBanking.testCases.TC_EditCustTest"/>
  <testcase name="deleteCustomer" time="26.775" classname="com.intBanking.testCases.TC_DeleteTest"/>
  <testcase name="newAccount" time="42.167" classname="com.intBanking.testCases.TC_NewAccTest"/>
  <testcase name="editAccount" time="16.898" classname="com.intBanking.testCases.TC_EditAccountTest"/>
  <testcase name="deleteAccount" time="24.421" classname="com.intBanking.testCases.TC_DeleteAccountTest"/>
  <testcase name="customisedStatement" time="30.3" classname="com.intBanking.testCases.TC_CustomisedStatement"/>
  <testcase name="logout" time="15.132" classname="com.intBanking.testCases.TC_LogoutTest"/>
</testsuite> <!-- BankingApp Test1 -->
