<?xml version="1.0" encoding="UTF-8"?>
<!-- Generated by org.testng.reporters.JUnitXMLReporter -->
<testsuite hostname="Dell123" ignored="0" name="BankingApp Test(failed)" tests="2" failures="1" timestamp="2023-05-08T14:28:43 IST" time="121.67" errors="0">
  <testcase name="logout" time="0.048" classname="com.intBanking.testCases.TC_LogoutTest">
    <failure type="java.lang.NullPointerException">
      <![CDATA[java.lang.NullPointerException
at org.openqa.selenium.support.pagefactory.DefaultElementLocator.findElement(DefaultElementLocator.java:69)
at org.openqa.selenium.support.pagefactory.internal.LocatingElementHandler.invoke(LocatingElementHandler.java:38)
at com.sun.proxy.$Proxy10.sendKeys(Unknown Source)
at com.intBanking.pageObjects.LoginPage.setUserName(LoginPage.java:30)
at com.intBanking.testCases.TC_LogoutTest.logout(TC_LogoutTest.java:19)
at java.util.ArrayList.forEach(ArrayList.java:1257)
... Removed 27 stack frames]]>
    </failure>
  </testcase> <!-- logout -->
  <testcase name="editAccount" time="55.626" classname="com.intBanking.testCases.TC_EditAccountTest"/>
</testsuite> <!-- BankingApp Test(failed) -->
