<?xml version="1.0" encoding="UTF-8"?>
<!-- Generated by org.testng.reporters.JUnitXMLReporter -->
<testsuite hostname="Dell123" ignored="0" name="Test" tests="4" failures="0" timestamp="2023-08-22T16:00:54 IST" time="14.555" errors="0">
  <testcase name="postRequest" time="5.737" classname="Day8.postRequest"/>
  <testcase name="getRequest" time="4.897" classname="Day8.GetRequest"/>
  <testcase name="putRequest" time="2.034" classname="Day8.putRequest"/>
  <testcase name="deleteRequest" time="1.814" classname="Day8.deleteRequest"/>
</testsuite> <!-- Test -->
