<?xml version="1.0" encoding="UTF-8"?>
<testng-results skipped="0" failed="0" ignored="0" total="1" passed="1">
  <reporter-output>
  </reporter-output>
  <suite name="intBanking" duration-ms="153157" started-at="2023-05-03T15:07:55 IST" finished-at="2023-05-03T15:10:28 IST">
    <groups>
    </groups>
    <test name="BankingApp Test" duration-ms="153157" started-at="2023-05-03T15:07:55 IST" finished-at="2023-05-03T15:10:28 IST">
      <class name="com.intBanking.testCases.TC_CalculateAllBrokanLinkFromThePage">
        <test-method status="PASS" signature="setup(java.lang.String)[pri:0, instance:com.intBanking.testCases.TC_CalculateAllBrokanLinkFromThePage@954b04f]" name="setup" is-config="true" duration-ms="14745" started-at="2023-05-03T15:07:55 IST" finished-at="2023-05-03T15:08:10 IST">
          <params>
            <param index="0">
              <value>
                <![CDATA[chrome]]>
              </value>
            </param>
          </params>
          <reporter-output>
          </reporter-output>
        </test-method> <!-- setup -->
        <test-method status="PASS" signature="brokenLink()[pri:0, instance:com.intBanking.testCases.TC_CalculateAllBrokanLinkFromThePage@954b04f]" name="brokenLink" duration-ms="137267" started-at="2023-05-03T15:08:10 IST" finished-at="2023-05-03T15:10:27 IST">
          <reporter-output>
          </reporter-output>
        </test-method> <!-- brokenLink -->
        <test-method status="PASS" signature="tearDown()[pri:0, instance:com.intBanking.testCases.TC_CalculateAllBrokanLinkFromThePage@954b04f]" name="tearDown" is-config="true" duration-ms="766" started-at="2023-05-03T15:10:27 IST" finished-at="2023-05-03T15:10:28 IST">
          <reporter-output>
          </reporter-output>
        </test-method> <!-- tearDown -->
      </class> <!-- com.intBanking.testCases.TC_CalculateAllBrokanLinkFromThePage -->
    </test> <!-- BankingApp Test -->
  </suite> <!-- intBanking -->
</testng-results>
