<?xml version="1.0" encoding="UTF-8"?>
<testng-results skipped="0" failed="0" ignored="0" total="1" passed="1">
  <reporter-output>
  </reporter-output>
  <suite name="Default suite" duration-ms="1868" started-at="2022-07-04T23:45:18 IST" finished-at="2022-07-04T23:45:20 IST">
    <groups>
    </groups>
    <test name="Default test" duration-ms="1868" started-at="2022-07-04T23:45:18 IST" finished-at="2022-07-04T23:45:20 IST">
      <class name="DDTByShaileshSir.ExcellReadByYouTube">
        <test-method status="PASS" signature="ExcelRead()[pri:0, instance:DDTByShaileshSir.ExcellReadByYouTube@3cb1ffe6]" name="ExcelRead" duration-ms="1825" started-at="2022-07-04T23:45:18 IST" finished-at="2022-07-04T23:45:20 IST">
          <reporter-output>
          </reporter-output>
        </test-method> <!-- ExcelRead -->
      </class> <!-- DDTByShaileshSir.ExcellReadByYouTube -->
    </test> <!-- Default test -->
  </suite> <!-- Default suite -->
</testng-results>
