<?xml version="1.0" encoding="UTF-8"?>
<testng-results skipped="0" failed="0" ignored="0" total="4" passed="4">
  <reporter-output>
  </reporter-output>
  <suite name="Suite" duration-ms="14555" started-at="2023-08-22T16:00:40 IST" finished-at="2023-08-22T16:00:54 IST">
    <groups>
    </groups>
    <test name="Test" duration-ms="14555" started-at="2023-08-22T16:00:40 IST" finished-at="2023-08-22T16:00:54 IST">
      <class name="Day8.deleteRequest">
        <test-method status="PASS" signature="deleteRequest(org.testng.ITestContext)[pri:0, instance:Day8.deleteRequest@7d70d1b1]" name="deleteRequest" duration-ms="1814" started-at="2023-08-22T16:00:52 IST" finished-at="2023-08-22T16:00:54 IST">
          <params>
            <param index="0">
              <value>
                <![CDATA[org.testng.TestRunner@60438a68]]>
              </value>
            </param>
          </params>
          <reporter-output>
          </reporter-output>
        </test-method> <!-- deleteRequest -->
      </class> <!-- Day8.deleteRequest -->
      <class name="Day8.postRequest">
        <test-method status="PASS" signature="postRequest(org.testng.ITestContext)[pri:0, instance:Day8.postRequest@33c7e1bb]" name="postRequest" duration-ms="5737" started-at="2023-08-22T16:00:40 IST" finished-at="2023-08-22T16:00:45 IST">
          <params>
            <param index="0">
              <value>
                <![CDATA[org.testng.TestRunner@60438a68]]>
              </value>
            </param>
          </params>
          <reporter-output>
          </reporter-output>
        </test-method> <!-- postRequest -->
      </class> <!-- Day8.postRequest -->
      <class name="Day8.GetRequest">
        <test-method status="PASS" signature="getRequest(org.testng.ITestContext)[pri:0, instance:Day8.GetRequest@480bdb19]" name="getRequest" duration-ms="4897" started-at="2023-08-22T16:00:45 IST" finished-at="2023-08-22T16:00:50 IST">
          <params>
            <param index="0">
              <value>
                <![CDATA[org.testng.TestRunner@60438a68]]>
              </value>
            </param>
          </params>
          <reporter-output>
          </reporter-output>
        </test-method> <!-- getRequest -->
      </class> <!-- Day8.GetRequest -->
      <class name="Day8.putRequest">
        <test-method status="PASS" signature="putRequest(org.testng.ITestContext)[pri:0, instance:Day8.putRequest@2a556333]" name="putRequest" duration-ms="2034" started-at="2023-08-22T16:00:50 IST" finished-at="2023-08-22T16:00:52 IST">
          <params>
            <param index="0">
              <value>
                <![CDATA[org.testng.TestRunner@60438a68]]>
              </value>
            </param>
          </params>
          <reporter-output>
          </reporter-output>
        </test-method> <!-- putRequest -->
      </class> <!-- Day8.putRequest -->
    </test> <!-- Test -->
  </suite> <!-- Suite -->
</testng-results>
