<?xml version="1.0" encoding="UTF-8"?>
<testng-results skipped="0" failed="0" ignored="0" total="1" passed="1">
  <reporter-output>
  </reporter-output>
  <suite name="Default suite" duration-ms="398" started-at="2023-08-21T19:56:50 IST" finished-at="2023-08-21T19:56:50 IST">
    <groups>
    </groups>
    <test name="Default test" duration-ms="398" started-at="2023-08-21T19:56:50 IST" finished-at="2023-08-21T19:56:50 IST">
      <class name="Day7.FakerDataGeneration">
        <test-method status="PASS" signature="BasicAuthentication()[pri:0, instance:Day7.FakerDataGeneration@1563da5]" name="BasicAuthentication" duration-ms="366" started-at="2023-08-21T19:56:50 IST" finished-at="2023-08-21T19:56:50 IST">
          <reporter-output>
          </reporter-output>
        </test-method> <!-- BasicAuthentication -->
      </class> <!-- Day7.FakerDataGeneration -->
    </test> <!-- Default test -->
  </suite> <!-- Default suite -->
</testng-results>
